14:57:55: *** Created Class ***
14:57:55: downloaded file
14:57:56: finished download file GeoIPCountryCSV.zip
14:57:56: successfully unziped csv-data
14:57:56: -> found GeoIPCountryWhois.csv at position 0 in zipfile
14:57:57: found 152535 lines in csv
14:57:57: start inserting data into database
14:58:03: end inserting data into database
14:58:03: end of import
15:02:37: *** Created Class ***
15:02:37: downloaded file
15:02:38: finished download file GeoIPCountryCSV.zip
15:02:38: successfully unziped csv-data
15:02:38: -> found GeoIPCountryWhois.csv at position 0 in zipfile
15:02:39: found 152535 lines in csv
15:02:39: start inserting data into database
15:02:45: end inserting data into database
15:02:45: end of import
15:31:31: *** Created Class ***
15:31:31: downloaded file
15:31:31: finished download file GeoIPCountryCSV.zip
15:31:31: successfully unziped csv-data
15:31:31: -> found GeoIPCountryWhois.csv at position 0 in zipfile
15:31:33: found 152535 lines in csv
15:31:33: start inserting data into database
15:32:22: *** Created Class ***
15:32:22: end of import
15:34:11: *** Created Class ***
15:34:11: downloaded file
15:34:11: finished download file GeoIPCountryCSV.zip
15:34:11: successfully unziped csv-data
15:34:11: -> found GeoIPCountryWhois.csv at position 0 in zipfile
15:34:13: found 152535 lines in csv
15:34:13: start inserting data into database
15:35:11: *** Created Class ***
15:35:11: downloaded file
15:35:11: finished download file GeoIPCountryCSV.zip
15:35:11: successfully unziped csv-data
15:35:11: -> found GeoIPCountryWhois.csv at position 0 in zipfile
15:35:13: found 152535 lines in csv
15:35:13: start inserting data into database
15:35:32: *** Created Class ***
15:35:32: downloaded file
15:35:32: finished download file GeoIPCountryCSV.zip
15:35:32: successfully unziped csv-data
15:35:32: -> found GeoIPCountryWhois.csv at position 0 in zipfile
15:35:34: found 152535 lines in csv
15:35:34: start inserting data into database
15:36:57: *** Created Class ***
15:36:57: downloaded file
15:36:57: finished download file GeoIPCountryCSV.zip
15:36:57: successfully unziped csv-data
15:36:57: -> found GeoIPCountryWhois.csv at position 0 in zipfile
15:36:59: found 152535 lines in csv
15:36:59: start inserting data into database
15:37:40: *** Created Class ***
15:37:40: downloaded file
15:37:40: finished download file GeoIPCountryCSV.zip
15:37:40: successfully unziped csv-data
15:37:40: -> found GeoIPCountryWhois.csv at position 0 in zipfile
15:37:42: found 152535 lines in csv
15:37:42: start inserting data into database
15:38:46: *** Created Class ***
15:38:46: downloaded file
15:38:47: finished download file GeoIPCountryCSV.zip
15:38:47: successfully unziped csv-data
15:38:47: -> found GeoIPCountryWhois.csv at position 0 in zipfile
15:38:49: found 152535 lines in csv
15:38:49: start inserting data into database
15:39:26: *** Created Class ***
15:39:26: downloaded file
15:39:26: finished download file GeoIPCountryCSV.zip
15:39:26: successfully unziped csv-data
15:39:26: -> found GeoIPCountryWhois.csv at position 0 in zipfile
15:39:28: found 152535 lines in csv
15:39:28: start inserting data into database
15:40:06: *** Created Class ***
15:40:06: downloaded file
15:40:06: finished download file GeoIPCountryCSV.zip
15:40:06: successfully unziped csv-data
15:40:06: -> found GeoIPCountryWhois.csv at position 0 in zipfile
15:40:08: found 152535 lines in csv
15:40:08: start inserting data into database
15:42:02: *** Created Class ***
15:42:02: downloaded file
15:42:03: finished download file GeoIPCountryCSV.zip
15:42:03: successfully unziped csv-data
15:42:03: -> found GeoIPCountryWhois.csv at position 0 in zipfile
15:42:04: found 152535 lines in csv
15:42:04: start inserting data into database
15:43:46: *** Created Class ***
15:43:46: downloaded file
15:43:46: finished download file GeoIPCountryCSV.zip
15:43:46: successfully unziped csv-data
15:43:46: -> found GeoIPCountryWhois.csv at position 0 in zipfile
15:43:48: found 152535 lines in csv
15:43:48: start inserting data into database
15:45:13: *** Created Class ***
15:45:13: downloaded file
15:45:13: finished download file GeoIPCountryCSV.zip
15:45:13: successfully unziped csv-data
15:45:13: -> found GeoIPCountryWhois.csv at position 0 in zipfile
15:45:15: found 152535 lines in csv
15:45:15: start inserting data into database
15:48:25: *** Created Class ***
15:48:25: downloaded file
15:48:25: finished download file GeoIPCountryCSV.zip
15:48:25: successfully unziped csv-data
15:48:25: -> found GeoIPCountryWhois.csv at position 0 in zipfile
15:48:27: found 152535 lines in csv
15:48:27: start inserting data into database
15:48:33: end inserting data into database
15:48:33: end of import
15:54:37: *** Created Class ***
15:54:37: downloaded file
15:54:37: finished download file GeoIPCountryCSV.zip
15:54:37: successfully unziped csv-data
15:54:37: -> found GeoIPCountryWhois.csv at position 0 in zipfile
15:54:39: found 152535 lines in csv
15:54:39: start inserting data into database
15:54:44: end inserting data into database
15:54:44: end of import
15:55:41: *** Created Class ***
15:55:41: downloaded file
15:55:41: finished download file GeoIPCountryCSV.zip
15:55:41: successfully unziped csv-data
15:55:41: -> found GeoIPCountryWhois.csv at position 0 in zipfile
15:55:43: found 152535 lines in csv
15:55:43: start inserting data into database
15:55:48: end inserting data into database
15:55:48: end of import
15:56:03: *** Created Class ***
15:56:03: downloaded file
15:56:04: finished download file GeoIPCountryCSV.zip
15:56:04: successfully unziped csv-data
15:56:04: -> found GeoIPCountryWhois.csv at position 0 in zipfile
15:56:05: found 152535 lines in csv
15:56:05: start inserting data into database
15:56:59: *** Created Class ***
15:56:59: downloaded file
15:57:00: finished download file GeoIPCountryCSV.zip
15:57:00: successfully unziped csv-data
15:57:00: -> found GeoIPCountryWhois.csv at position 0 in zipfile
15:57:02: found 152535 lines in csv
15:57:02: start inserting data into database
15:57:07: end inserting data into database
15:57:07: end of import
16:22:25: *** Created Class ***
16:22:36: *** Created Class ***
16:22:49: *** Created Class ***
16:22:49: downloaded file
16:22:49: finished download file GeoIPCountryCSV.zip
16:22:49: successfully unziped csv-data
16:22:49: -> found GeoIPCountryWhois.csv at position 0 in zipfile
16:22:51: found 152535 lines in csv
16:22:51: start inserting data into database
16:23:14: *** Created Class ***
16:23:14: downloaded file
16:23:14: finished download file GeoIPCountryCSV.zip
16:23:14: successfully unziped csv-data
16:23:14: -> found GeoIPCountryWhois.csv at position 0 in zipfile
16:23:16: found 152535 lines in csv
16:23:16: start inserting data into database
16:23:21: end inserting data into database
16:23:21: end of import
